Using pre-set license
Built from '2020.3/release' branch; Version is '2020.3.34f1 (9a4c9c70452b) revision 10112156'; Using compiler version '192528614'; Build Type 'Release'
OS: 'Windows 10  (10.0.19044) 64bit Professional' Language: 'tr' Physical Memory: 8072 MB
BatchMode: 1, IsHumanControllingUs: 0, StartBugReporterOnCrash: 0, Is64bit: 1, IsPro: 0

COMMAND LINE ARGUMENTS:
C:\Program Files\Unity\Hub\Editor\2020.3.34f1\Editor\Unity.exe
-adb2
-batchMode
-noUpm
-name
AssetImportWorker0
-projectPath
C:/Users/Ali/Documents/Dunk_Hit_Clone/Dunk Hit
-logFile
Logs/AssetImportWorker0.log
-srvPort
60132
Successfully changed project path to: C:/Users/Ali/Documents/Dunk_Hit_Clone/Dunk Hit
C:/Users/Ali/Documents/Dunk_Hit_Clone/Dunk Hit
Using Asset Import Pipeline V2.
Refreshing native plugins compatible for Editor in 53.71 ms, found 3 plugins.
Preloading 0 native plugins for Editor in 0.00 ms.
Initialize engine version: 2020.3.34f1 (9a4c9c70452b)
[Subsystems] Discovering subsystems at path C:/Program Files/Unity/Hub/Editor/2020.3.34f1/Editor/Data/Resources/UnitySubsystems
[Subsystems] Discovering subsystems at path C:/Users/Ali/Documents/Dunk_Hit_Clone/Dunk Hit/Assets
GfxDevice: creating device client; threaded=0
Direct3D:
    Version:  Direct3D 11.0 [level 11.1]
    Renderer: NVIDIA GeForce GTX 1050 (ID=0x1c91)
    Vendor:   
    VRAM:     2996 MB
    Driver:   31.0.15.1659
Initialize mono
Mono path[0] = 'C:/Program Files/Unity/Hub/Editor/2020.3.34f1/Editor/Data/Managed'
Mono path[1] = 'C:/Program Files/Unity/Hub/Editor/2020.3.34f1/Editor/Data/MonoBleedingEdge/lib/mono/unityjit'
Mono config path = 'C:/Program Files/Unity/Hub/Editor/2020.3.34f1/Editor/Data/MonoBleedingEdge/etc'
Using monoOptions --debugger-agent=transport=dt_socket,embedding=1,server=y,suspend=n,address=127.0.0.1:56056
Begin MonoManager ReloadAssembly
Registering precompiled unity dll's ...
Register platform support module: C:/Program Files/Unity/Hub/Editor/2020.3.34f1/Editor/Data/PlaybackEngines/WindowsStandaloneSupport/UnityEditor.WindowsStandalone.Extensions.dll
Registered in 0.002102 seconds.
Native extension for WindowsStandalone target not found
Refreshing native plugins compatible for Editor in 42.92 ms, found 3 plugins.
Preloading 0 native plugins for Editor in 0.00 ms.
Mono: successfully reloaded assembly
- Completed reload, in  0.584 seconds
Domain Reload Profiling:
	ReloadAssembly (585ms)
		BeginReloadAssembly (70ms)
			ExecutionOrderSort (0ms)
			DisableScriptedObjects (0ms)
			BackupInstance (0ms)
			ReleaseScriptingObjects (0ms)
			CreateAndSetChildDomain (1ms)
		EndReloadAssembly (444ms)
			LoadAssemblies (67ms)
			RebuildTransferFunctionScriptingTraits (1ms)
			SetupTypeCache (138ms)
			ReleaseScriptCaches (0ms)
			RebuildScriptCaches (27ms)
			SetupLoadedEditorAssemblies (161ms)
				LogAssemblyErrors (0ms)
				InitializePlatformSupportModulesInManaged (4ms)
				SetLoadedEditorAssemblies (0ms)
				RefreshPlugins (43ms)
				BeforeProcessingInitializeOnLoad (11ms)
				ProcessInitializeOnLoadAttributes (76ms)
				ProcessInitializeOnLoadMethodAttributes (26ms)
				AfterProcessingInitializeOnLoad (0ms)
				EditorAssembliesLoaded (0ms)
			ExecutionOrderSort2 (0ms)
			AwakeInstancesAfterBackupRestoration (0ms)
Platform modules already initialized, skipping
Registering precompiled user dll's ...
Registered in 0.003275 seconds.
Begin MonoManager ReloadAssembly
Native extension for WindowsStandalone target not found
Refreshing native plugins compatible for Editor in 44.46 ms, found 3 plugins.
Preloading 0 native plugins for Editor in 0.00 ms.
Mono: successfully reloaded assembly
- Completed reload, in  1.061 seconds
Domain Reload Profiling:
	ReloadAssembly (1062ms)
		BeginReloadAssembly (169ms)
			ExecutionOrderSort (0ms)
			DisableScriptedObjects (5ms)
			BackupInstance (0ms)
			ReleaseScriptingObjects (0ms)
			CreateAndSetChildDomain (41ms)
		EndReloadAssembly (838ms)
			LoadAssemblies (94ms)
			RebuildTransferFunctionScriptingTraits (0ms)
			SetupTypeCache (271ms)
			ReleaseScriptCaches (0ms)
			RebuildScriptCaches (44ms)
			SetupLoadedEditorAssemblies (323ms)
				LogAssemblyErrors (0ms)
				InitializePlatformSupportModulesInManaged (3ms)
				SetLoadedEditorAssemblies (0ms)
				RefreshPlugins (45ms)
				BeforeProcessingInitializeOnLoad (74ms)
				ProcessInitializeOnLoadAttributes (177ms)
				ProcessInitializeOnLoadMethodAttributes (19ms)
				AfterProcessingInitializeOnLoad (6ms)
				EditorAssembliesLoaded (0ms)
			ExecutionOrderSort2 (0ms)
			AwakeInstancesAfterBackupRestoration (2ms)
Platform modules already initialized, skipping
========================================================================
Worker process is ready to serve import requests
Launched and connected shader compiler UnityShaderCompiler.exe after 0.04 seconds
Refreshing native plugins compatible for Editor in 0.44 ms, found 3 plugins.
Preloading 0 native plugins for Editor in 0.00 ms.
Unloading 2204 Unused Serialized files (Serialized files now loaded: 0)
System memory in use before: 97.1 MB.
System memory in use after: 97.1 MB.

Unloading 31 unused Assets to reduce memory usage. Loaded Objects now: 2635.
Total: 4.948100 ms (FindLiveObjects: 0.275400 ms CreateObjectMapping: 0.079200 ms MarkObjects: 4.436500 ms  DeleteObjects: 0.156000 ms)

AssetImportParameters requested are different than current active one (requested -> active):
  custom:framework-win-MediaFoundation: 216162199b28c13a410421893ffa2e32 -> 
  custom:video-decoder-ogg-theora: a1e56fd34408186e4bbccfd4996cb3dc -> 
  custom:container-muxer-webm: aa71ff27fc2769a1b78a27578f13a17b -> 
  custom:container-demuxer-webm: 4f35f7cbe854078d1ac9338744f61a02 -> 
  custom:container-demuxer-ogg: 62fdf1f143b41e24485cea50d1cbac27 -> 
  custom:video-encoder-webm-vp8: eb34c28f22e8b96e1ab97ce403110664 -> 
  custom:video-decoder-webm-vp8: 9c59270c3fd7afecdb556c50c9e8de78 -> 
  custom:audio-decoder-ogg-vorbis: bf7c407c2cedff20999df2af8eb42d56 -> 
  custom:audio-encoder-webm-vorbis: bf7c407c2cedff20999df2af8eb42d56 -> 
========================================================================
Received Import Request.
  path: Assets
  artifactKey: Guid(00000000000000001000000000000000) Importer(815301076,1909f56bfc062723c751e8b465ee728b)
Start importing Assets using Guid(00000000000000001000000000000000) Importer(815301076,1909f56bfc062723c751e8b465ee728b)  -> (artifact id: '42d402b061de3733987d63b9cc3b64de') in 0.007418 seconds 
========================================================================
Received Import Request.
  Time since last request: 2.149704 seconds.
  path: Assets/Art
  artifactKey: Guid(65170e52ef2c7ef439ca8d31adc952fd) Importer(815301076,1909f56bfc062723c751e8b465ee728b)
Start importing Assets/Art using Guid(65170e52ef2c7ef439ca8d31adc952fd) Importer(815301076,1909f56bfc062723c751e8b465ee728b)  -> (artifact id: '4b87f2a943fde2726f187829c844e3f8') in 0.006068 seconds 
========================================================================
Received Import Request.
  Time since last request: 12.741596 seconds.
  path: Assets/Scripts
  artifactKey: Guid(e1ad4d2846abd954d990fe70495e8fa7) Importer(815301076,1909f56bfc062723c751e8b465ee728b)
Start importing Assets/Scripts using Guid(e1ad4d2846abd954d990fe70495e8fa7) Importer(815301076,1909f56bfc062723c751e8b465ee728b)  -> (artifact id: '77cc4426bc5f46109f9f2e0be07e89d4') in 0.006088 seconds 
========================================================================
Received Import Request.
  Time since last request: 9.901750 seconds.
  path: Assets/Art/Materials
  artifactKey: Guid(2824139c10d75b44692fcaa1db23c971) Importer(815301076,1909f56bfc062723c751e8b465ee728b)
Start importing Assets/Art/Materials using Guid(2824139c10d75b44692fcaa1db23c971) Importer(815301076,1909f56bfc062723c751e8b465ee728b)  -> (artifact id: '8a4b5fb15b54f36977822c9bb07fcc49') in 0.007733 seconds 
========================================================================
Received Import Request.
  Time since last request: 2553.115759 seconds.
  path: Assets/Sprites
  artifactKey: Guid(aeaaff44b4eb21048a85c2acfeaedadf) Importer(815301076,1909f56bfc062723c751e8b465ee728b)
Start importing Assets/Sprites using Guid(aeaaff44b4eb21048a85c2acfeaedadf) Importer(815301076,1909f56bfc062723c751e8b465ee728b)  -> (artifact id: '1caf3b175d094ebf17bab3884f52d6e6') in 0.008768 seconds 
========================================================================
Received Import Request.
  Time since last request: 9.734532 seconds.
  path: Assets/Art/Sprites/basketball.png
  artifactKey: Guid(cba2df3a7458b9443b1d84d9c311730f) Importer(815301076,1909f56bfc062723c751e8b465ee728b)
Start importing Assets/Art/Sprites/basketball.png using Guid(cba2df3a7458b9443b1d84d9c311730f) Importer(815301076,1909f56bfc062723c751e8b465ee728b)  -> (artifact id: 'bc9caab27651d300447c706799f48e61') in 0.103364 seconds 
========================================================================
Received Import Request.
  Time since last request: 174.563056 seconds.
  path: Assets/Art/hoop.png
  artifactKey: Guid(adc520464b0a21242835864972392356) Importer(815301076,1909f56bfc062723c751e8b465ee728b)
Start importing Assets/Art/hoop.png using Guid(adc520464b0a21242835864972392356) Importer(815301076,1909f56bfc062723c751e8b465ee728b)  -> (artifact id: '4445308eca03839009f9002a7ebab63e') in 0.035340 seconds 
========================================================================
Received Import Request.
  Time since last request: 131.540978 seconds.
  path: Assets/Art/Sprites/hoop.png
  artifactKey: Guid(a25a23284eaae8449bf131533c061bb5) Importer(815301076,1909f56bfc062723c751e8b465ee728b)
Start importing Assets/Art/Sprites/hoop.png using Guid(a25a23284eaae8449bf131533c061bb5) Importer(815301076,1909f56bfc062723c751e8b465ee728b)  -> (artifact id: 'f5819b8baec2f0d945891ed0cddc77b8') in 0.041513 seconds 
AssetImportWorkerClient::OnTransportError - code=2 error=End of file
